[03-Dec-2019 20:20:44 UTC] PHP Parse error:  syntax error, unexpected ''work-menu'' (T_CONSTANT_ENCAPSED_STRING), expecting ')' in /Users/kumar/Local Sites/test1/app/public/wp-content/themes/gymfitness/functions.php on line 9
[03-Dec-2019 21:15:34 UTC] PHP Parse error:  syntax error, unexpected '}' in /Users/kumar/Local Sites/test1/app/public/wp-content/themes/gymfitness/functions.php on line 22
[03-Dec-2019 21:15:55 UTC] PHP Parse error:  syntax error, unexpected '}' in /Users/kumar/Local Sites/test1/app/public/wp-content/themes/gymfitness/functions.php on line 22
[03-Dec-2019 22:10:59 UTC] PHP Fatal error:  Uncaught Error: Maximum function nesting level of '256' reached, aborting! in /Users/kumar/Local Sites/test1/app/public/wp-includes/class-wp-block-type-registry.php:166
Stack trace:
#0 /Users/kumar/Local Sites/test1/app/public/wp-includes/script-loader.php(2869): WP_Block_Type_Registry::get_instance()
#1 /Users/kumar/Local Sites/test1/app/public/wp-includes/class-wp-hook.php(288): wp_enqueue_registered_block_scripts_and_styles('')
#2 /Users/kumar/Local Sites/test1/app/public/wp-includes/class-wp-hook.php(312): WP_Hook->apply_filters('', Array)
#3 /Users/kumar/Local Sites/test1/app/public/wp-includes/plugin.php(478): WP_Hook->do_action(Array)
#4 /Users/kumar/Local Sites/test1/app/public/wp-includes/script-loader.php(2853): do_action('enqueue_block_a...')
#5 /Users/kumar/Local Sites/test1/app/public/wp-includes/class-wp-hook.php(288): wp_common_block_scripts_and_styles('')
#6 /Users/kumar/Local Sites/test1/app/public/wp-includes/class-wp-hook.php(312): WP_Hook->apply_filters('', Array)
#7 /Users/kumar/Local Sit in /Users/kumar/Local Sites/test1/app/public/wp-includes/class-wp-block-type-registry.php on line 166
[03-Dec-2019 22:11:31 UTC] PHP Fatal error:  Uncaught Error: Maximum function nesting level of '256' reached, aborting! in /Users/kumar/Local Sites/test1/app/public/wp-includes/class-wp-block-type-registry.php:166
Stack trace:
#0 /Users/kumar/Local Sites/test1/app/public/wp-includes/script-loader.php(2869): WP_Block_Type_Registry::get_instance()
#1 /Users/kumar/Local Sites/test1/app/public/wp-includes/class-wp-hook.php(288): wp_enqueue_registered_block_scripts_and_styles('')
#2 /Users/kumar/Local Sites/test1/app/public/wp-includes/class-wp-hook.php(312): WP_Hook->apply_filters('', Array)
#3 /Users/kumar/Local Sites/test1/app/public/wp-includes/plugin.php(478): WP_Hook->do_action(Array)
#4 /Users/kumar/Local Sites/test1/app/public/wp-includes/script-loader.php(2853): do_action('enqueue_block_a...')
#5 /Users/kumar/Local Sites/test1/app/public/wp-includes/class-wp-hook.php(288): wp_common_block_scripts_and_styles('')
#6 /Users/kumar/Local Sites/test1/app/public/wp-includes/class-wp-hook.php(312): WP_Hook->apply_filters('', Array)
#7 /Users/kumar/Local Sit in /Users/kumar/Local Sites/test1/app/public/wp-includes/class-wp-block-type-registry.php on line 166
[03-Dec-2019 22:12:38 UTC] PHP Warning:  call_user_func_array() expects parameter 1 to be a valid callback, function 'secondchild_nav_script' not found or invalid function name in /Users/kumar/Local Sites/test1/app/public/wp-includes/class-wp-hook.php on line 288
[03-Dec-2019 22:12:38 UTC] PHP Stack trace:
[03-Dec-2019 22:12:38 UTC] PHP   1. {main}() /Users/kumar/Local Sites/test1/app/public/index.php:0
[03-Dec-2019 22:12:38 UTC] PHP   2. require() /Users/kumar/Local Sites/test1/app/public/index.php:17
[03-Dec-2019 22:12:38 UTC] PHP   3. require_once() /Users/kumar/Local Sites/test1/app/public/wp-blog-header.php:19
[03-Dec-2019 22:12:38 UTC] PHP   4. include() /Users/kumar/Local Sites/test1/app/public/wp-includes/template-loader.php:98
[03-Dec-2019 22:12:38 UTC] PHP   5. get_header() /Users/kumar/Local Sites/test1/app/public/wp-content/themes/gymfitness/page.php:1
[03-Dec-2019 22:12:38 UTC] PHP   6. locate_template() /Users/kumar/Local Sites/test1/app/public/wp-includes/general-template.php:41
[03-Dec-2019 22:12:38 UTC] PHP   7. load_template() /Users/kumar/Local Sites/test1/app/public/wp-includes/template.php:671
[03-Dec-2019 22:12:38 UTC] PHP   8. require_once() /Users/kumar/Local Sites/test1/app/public/wp-includes/template.php:722
[03-Dec-2019 22:12:38 UTC] PHP   9. wp_head() /Users/kumar/Local Sites/test1/app/public/wp-content/themes/gymfitness/header.php:5
[03-Dec-2019 22:12:38 UTC] PHP  10. do_action() /Users/kumar/Local Sites/test1/app/public/wp-includes/general-template.php:2879
[03-Dec-2019 22:12:38 UTC] PHP  11. WP_Hook->do_action() /Users/kumar/Local Sites/test1/app/public/wp-includes/plugin.php:478
[03-Dec-2019 22:12:38 UTC] PHP  12. WP_Hook->apply_filters() /Users/kumar/Local Sites/test1/app/public/wp-includes/class-wp-hook.php:312
[03-Dec-2019 22:12:38 UTC] PHP  13. wp_enqueue_scripts() /Users/kumar/Local Sites/test1/app/public/wp-includes/class-wp-hook.php:288
[03-Dec-2019 22:12:38 UTC] PHP  14. do_action() /Users/kumar/Local Sites/test1/app/public/wp-includes/script-loader.php:2667
[03-Dec-2019 22:12:38 UTC] PHP  15. WP_Hook->do_action() /Users/kumar/Local Sites/test1/app/public/wp-includes/plugin.php:478
[03-Dec-2019 22:12:38 UTC] PHP  16. WP_Hook->apply_filters() /Users/kumar/Local Sites/test1/app/public/wp-includes/class-wp-hook.php:312
[03-Dec-2019 22:15:28 UTC] PHP Fatal error:  Uncaught Error: Maximum function nesting level of '256' reached, aborting! in /Users/kumar/Local Sites/test1/app/public/wp-includes/class-wp-block-type-registry.php:166
Stack trace:
#0 /Users/kumar/Local Sites/test1/app/public/wp-includes/script-loader.php(2869): WP_Block_Type_Registry::get_instance()
#1 /Users/kumar/Local Sites/test1/app/public/wp-includes/class-wp-hook.php(288): wp_enqueue_registered_block_scripts_and_styles('')
#2 /Users/kumar/Local Sites/test1/app/public/wp-includes/class-wp-hook.php(312): WP_Hook->apply_filters('', Array)
#3 /Users/kumar/Local Sites/test1/app/public/wp-includes/plugin.php(478): WP_Hook->do_action(Array)
#4 /Users/kumar/Local Sites/test1/app/public/wp-includes/script-loader.php(2853): do_action('enqueue_block_a...')
#5 /Users/kumar/Local Sites/test1/app/public/wp-includes/class-wp-hook.php(288): wp_common_block_scripts_and_styles('')
#6 /Users/kumar/Local Sites/test1/app/public/wp-includes/class-wp-hook.php(312): WP_Hook->apply_filters('', Array)
#7 /Users/kumar/Local Sit in /Users/kumar/Local Sites/test1/app/public/wp-includes/class-wp-block-type-registry.php on line 166
[03-Dec-2019 22:16:45 UTC] PHP Warning:  include(/js/nav.js): failed to open stream: No such file or directory in /Users/kumar/Local Sites/test1/app/public/wp-content/themes/gymfitness/header.php on line 7
[03-Dec-2019 22:16:45 UTC] PHP Stack trace:
[03-Dec-2019 22:16:45 UTC] PHP   1. {main}() /Users/kumar/Local Sites/test1/app/public/index.php:0
[03-Dec-2019 22:16:45 UTC] PHP   2. require() /Users/kumar/Local Sites/test1/app/public/index.php:17
[03-Dec-2019 22:16:45 UTC] PHP   3. require_once() /Users/kumar/Local Sites/test1/app/public/wp-blog-header.php:19
[03-Dec-2019 22:16:45 UTC] PHP   4. include() /Users/kumar/Local Sites/test1/app/public/wp-includes/template-loader.php:98
[03-Dec-2019 22:16:45 UTC] PHP   5. get_header() /Users/kumar/Local Sites/test1/app/public/wp-content/themes/gymfitness/page.php:1
[03-Dec-2019 22:16:45 UTC] PHP   6. locate_template() /Users/kumar/Local Sites/test1/app/public/wp-includes/general-template.php:41
[03-Dec-2019 22:16:45 UTC] PHP   7. load_template() /Users/kumar/Local Sites/test1/app/public/wp-includes/template.php:671
[03-Dec-2019 22:16:45 UTC] PHP   8. require_once() /Users/kumar/Local Sites/test1/app/public/wp-includes/template.php:722
[03-Dec-2019 22:16:45 UTC] PHP Warning:  include(): Failed opening '/js/nav.js' for inclusion (include_path='.:/usr/share/php:/www/wp-content/pear') in /Users/kumar/Local Sites/test1/app/public/wp-content/themes/gymfitness/header.php on line 7
[03-Dec-2019 22:16:45 UTC] PHP Stack trace:
[03-Dec-2019 22:16:45 UTC] PHP   1. {main}() /Users/kumar/Local Sites/test1/app/public/index.php:0
[03-Dec-2019 22:16:45 UTC] PHP   2. require() /Users/kumar/Local Sites/test1/app/public/index.php:17
[03-Dec-2019 22:16:45 UTC] PHP   3. require_once() /Users/kumar/Local Sites/test1/app/public/wp-blog-header.php:19
[03-Dec-2019 22:16:45 UTC] PHP   4. include() /Users/kumar/Local Sites/test1/app/public/wp-includes/template-loader.php:98
[03-Dec-2019 22:16:45 UTC] PHP   5. get_header() /Users/kumar/Local Sites/test1/app/public/wp-content/themes/gymfitness/page.php:1
[03-Dec-2019 22:16:45 UTC] PHP   6. locate_template() /Users/kumar/Local Sites/test1/app/public/wp-includes/general-template.php:41
[03-Dec-2019 22:16:45 UTC] PHP   7. load_template() /Users/kumar/Local Sites/test1/app/public/wp-includes/template.php:671
[03-Dec-2019 22:16:45 UTC] PHP   8. require_once() /Users/kumar/Local Sites/test1/app/public/wp-includes/template.php:722
[03-Dec-2019 22:21:44 UTC] PHP Parse error:  syntax error, unexpected '}', expecting end of file in /Users/kumar/Local Sites/test1/app/public/wp-content/themes/gymfitness/functions.php on line 50
[03-Dec-2019 22:23:28 UTC] PHP Parse error:  syntax error, unexpected '}', expecting end of file in /Users/kumar/Local Sites/test1/app/public/wp-content/themes/gymfitness/functions.php on line 58
[03-Dec-2019 22:23:35 UTC] PHP Parse error:  syntax error, unexpected '}', expecting end of file in /Users/kumar/Local Sites/test1/app/public/wp-content/themes/gymfitness/functions.php on line 58
[03-Dec-2019 22:23:36 UTC] PHP Parse error:  syntax error, unexpected '}', expecting end of file in /Users/kumar/Local Sites/test1/app/public/wp-content/themes/gymfitness/functions.php on line 58
[03-Dec-2019 22:28:29 UTC] PHP Parse error:  syntax error, unexpected '1.0' (T_DNUMBER), expecting ')' in /Users/kumar/Local Sites/test1/app/public/wp-content/themes/gymfitness/functions.php on line 45
[03-Dec-2019 22:31:02 UTC] PHP Fatal error:  Uncaught Error: Maximum function nesting level of '256' reached, aborting! in /Users/kumar/Local Sites/test1/app/public/wp-includes/class.wp-dependencies.php:151
Stack trace:
#0 /Users/kumar/Local Sites/test1/app/public/wp-includes/class.wp-dependencies.php(151): explode('?', 'normalize')
#1 /Users/kumar/Local Sites/test1/app/public/wp-includes/class.wp-styles.php(365): WP_Dependencies->all_deps(Array, true, 0)
#2 /Users/kumar/Local Sites/test1/app/public/wp-includes/class.wp-dependencies.php(171): WP_Styles->all_deps(Array, true, 0)
#3 /Users/kumar/Local Sites/test1/app/public/wp-includes/class.wp-styles.php(365): WP_Dependencies->all_deps(Array, true, 0)
#4 /Users/kumar/Local Sites/test1/app/public/wp-includes/class.wp-dependencies.php(171): WP_Styles->all_deps(Array, true, 0)
#5 /Users/kumar/Local Sites/test1/app/public/wp-includes/class.wp-styles.php(365): WP_Dependencies->all_deps(Array, true, 0)
#6 /Users/kumar/Local Sites/test1/app/public/wp-includes/class.wp-dependencies.php(171): WP_Styles->all_deps( in /Users/kumar/Local Sites/test1/app/public/wp-includes/class.wp-dependencies.php on line 151
[04-Dec-2019 21:41:49 UTC] PHP Parse error:  syntax error, unexpected ';', expecting ')' in /Users/kumar/Local Sites/test1/app/public/wp-content/themes/gymfitness/functions.php on line 25
[06-Dec-2019 15:30:13 UTC] PHP Parse error:  syntax error, unexpected 'post' (T_STRING), expecting ')' in /Users/kumar/Local Sites/test1/app/public/wp-content/themes/gymfitness/functions.php on line 66
[06-Dec-2019 15:30:16 UTC] PHP Parse error:  syntax error, unexpected 'post' (T_STRING), expecting ')' in /Users/kumar/Local Sites/test1/app/public/wp-content/themes/gymfitness/functions.php on line 66
[06-Dec-2019 15:42:06 UTC] PHP Warning:  Use of undefined constant square - assumed 'square' (this will throw an Error in a future version of PHP) in /Users/kumar/Local Sites/test1/app/public/wp-content/themes/gymfitness/functions.php on line 66
[06-Dec-2019 15:42:06 UTC] PHP Stack trace:
[06-Dec-2019 15:42:06 UTC] PHP   1. {main}() /Users/kumar/Local Sites/test1/app/public/index.php:0
[06-Dec-2019 15:42:06 UTC] PHP   2. require() /Users/kumar/Local Sites/test1/app/public/index.php:17
[06-Dec-2019 15:42:06 UTC] PHP   3. require_once() /Users/kumar/Local Sites/test1/app/public/wp-blog-header.php:13
[06-Dec-2019 15:42:06 UTC] PHP   4. require_once() /Users/kumar/Local Sites/test1/app/public/wp-load.php:37
[06-Dec-2019 15:42:06 UTC] PHP   5. require_once() /Users/kumar/Local Sites/test1/app/public/wp-config.php:77
[06-Dec-2019 15:42:06 UTC] PHP   6. do_action() /Users/kumar/Local Sites/test1/app/public/wp-settings.php:507
[06-Dec-2019 15:42:06 UTC] PHP   7. WP_Hook->do_action() /Users/kumar/Local Sites/test1/app/public/wp-includes/plugin.php:478
[06-Dec-2019 15:42:06 UTC] PHP   8. WP_Hook->apply_filters() /Users/kumar/Local Sites/test1/app/public/wp-includes/class-wp-hook.php:312
[06-Dec-2019 15:42:06 UTC] PHP   9. secondchild_setup() /Users/kumar/Local Sites/test1/app/public/wp-includes/class-wp-hook.php:288
